[www.fernandopuente.es/index.html]
[backblue.gif]
[fade.gif]
[index.html]
[www.fernandopuente.es/assets/images/rrss.jpg]
[www.fernandopuente.es/apple-touch-icon.png]
[www.fernandopuente.es/assets/images/favicons/cropped-isotipo-adalab-512-32x32.png]
[www.fernandopuente.es/assets/images/favicons/cropped-isotipo-adalab-512-192x192.png]
[www.fernandopuente.es/assets/images/favicons/cropped-isotipo-adalab-512-180x180.png]
[use.typekit.net/rib7ftk.css]
[www.fernandopuente.es/index-2.html]
[www.fernandopuente.es/about.html]
[www.fernandopuente.es/assets/images/yop2.jpg]
[www.fernandopuente.es/photography/index.html]
[www.fernandopuente.es/work/prado.html]
[www.fernandopuente.es/assets/images/prado_medium1.jpg]
[www.fernandopuente.es/work/movistarp.html]
[www.fernandopuente.es/assets/images/movistarp_medium.jpg]
[www.fernandopuente.es/work/mazda.html]
[www.fernandopuente.es/assets/images/mazda_medium.jpg]
[www.fernandopuente.es/work/cod.html]
[www.fernandopuente.es/assets/images/cod_medium.jpg]
[www.fernandopuente.es/work/kia.html]
[www.fernandopuente.es/assets/images/kia_medium.jpg]
[www.fernandopuente.es/work/acciona.html]
[www.fernandopuente.es/assets/images/acciona_medium.jpg]
[www.fernandopuente.es/work/movistar.html]
[www.fernandopuente.es/assets/images/movistar_medium.jpg]
[www.fernandopuente.es/assets/js/TweenMax.min.js]
[www.fernandopuente.es/assets/js/bundle.min.js]
[www.fernandopuente.es/assets/js/smooth2.js]
[www.fernandopuente.es/index.html]
[www.fernandopuente.es/apple-touch-icon.html]
[use.typekit.net/af/99f5a3/00000000000000003b9b18fe/27/laaa3]
[use.typekit.net/af/99f5a3/00000000000000003b9b18fe/27/daaa3]
[use.typekit.net/af/99f5a3/00000000000000003b9b18fe/27/aaaa3]
[use.typekit.net/af/0a393d/00000000000000003b9b1900/27/l5bba]
[use.typekit.net/af/0a393d/00000000000000003b9b1900/27/d5bba]
[use.typekit.net/af/0a393d/00000000000000003b9b1900/27/a5bba]
[use.typekit.net/af/ec3225/00000000000000003b9b1901/27/l3eab]
[use.typekit.net/af/ec3225/00000000000000003b9b1901/27/d3eab]
[use.typekit.net/af/ec3225/00000000000000003b9b1901/27/a3eab]
[use.typekit.net/af/d24c78/00000000000000003b9b176e/27/le265]
[use.typekit.net/af/d24c78/00000000000000003b9b176e/27/de265]
[use.typekit.net/af/d24c78/00000000000000003b9b176e/27/ae265]
[use.typekit.net/af/5bb796/00000000000000003b9b1904/27/lfdcc]
[use.typekit.net/af/5bb796/00000000000000003b9b1904/27/dfdcc]
[use.typekit.net/af/5bb796/00000000000000003b9b1904/27/afdcc]
[use.typekit.net/af/0bf9f3/00000000000000003b9b1771/27/l1f8b]
[use.typekit.net/af/0bf9f3/00000000000000003b9b1771/27/d1f8b]
[use.typekit.net/af/0bf9f3/00000000000000003b9b1771/27/a1f8b]
[use.typekit.net/af/99c7aa/00000000000000003b9b1906/27/le196]
[use.typekit.net/af/99c7aa/00000000000000003b9b1906/27/de196]
[use.typekit.net/af/99c7aa/00000000000000003b9b1906/27/ae196]
[use.typekit.net/af/fbe53a/00000000000000003b9b1907/27/l652f]
[use.typekit.net/af/fbe53a/00000000000000003b9b1907/27/d652f]
[use.typekit.net/rib7ftk.css]
[use.typekit.net/af/fbe53a/00000000000000003b9b1907/27/a652f]
[www.fernandopuente.es/assets/images/noise.png]
[www.fernandopuente.es/assets/images/movistar_large.jpg]
[www.fernandopuente.es/assets/images/movistarp_large.jpg]
[www.fernandopuente.es/assets/images/mazda_large.jpg]
[www.fernandopuente.es/assets/images/cod_large.jpg]
[www.fernandopuente.es/assets/images/kia_large.jpg]
[www.fernandopuente.es/assets/images/acciona_large.jpg]
[www.fernandopuente.es/assets/images/prado_large1.jpg]
[www.fernandopuente.es/assets/images/mazda/mazda_related1.jpg]
[www.fernandopuente.es/assets/images/cod/cod_related1.jpg]
[www.fernandopuente.es/assets/images/kia/kia_related1.jpg]
[www.fernandopuente.es/assets/images/acciona/acciona_related1.jpg]
[www.fernandopuente.es/assets/images/movistar/movistar_related1.jpg]
[www.fernandopuente.es/assets/images/movistarp/movistar_related1.jpg]
[www.fernandopuente.es/assets/images/prado/prado_related1.jpg]
[www.fernandopuente.es/assets/images/leaf.png]
[www.fernandopuente.es/assets/images/404_hover.gif]
[www.fernandopuente.es/assets/images/404.gif]
[www.fernandopuente.es/assets/fonts/BemboStd-SemiboldItalic.4b.delayed]
[www.fernandopuente.es/assets/fonts/BemboStd-SemiboldItalicd41d.eot]
[www.fernandopuente.es/assets/fonts/BemboStd-SemiboldItalic.woff]
[www.fernandopuente.es/assets/fonts/BemboStd-SemiboldItalic.ttf]
[www.fernandopuente.es/assets/css/main.css]
[www.fernandopuente.es/index-2.html]
[www.fernandopuente.es/photography/apple-touch-icon.png]
[www.fernandopuente.es/photography/index-2.html]
[www.fernandopuente.es/assets/images/photography/fernando.jpg]
[www.fernandopuente.es/photography/commercial.html]
[www.fernandopuente.es/photography/photography/index.html]
[www.fernandopuente.es/assets/images/photography/commercial.jpg]
[www.fernandopuente.es/photography/personal.html]
[www.fernandopuente.es/assets/images/photography/personal.jpg]
[www.fernandopuente.es/photography/journal.html]
[www.fernandopuente.es/assets/images/photography/journal.jpg]
[www.fernandopuente.es/photography/index.html]
[www.fernandopuente.es/assets/images/fernando_about.jpg]
[www.fernandopuente.es/about.html]
[www.fernandopuente.es/assets/images/scroll.svg]
[www.fernandopuente.es/work/apple-touch-icon.png]
[www.fernandopuente.es/assets/images/prado/home.jpg]
[www.fernandopuente.es/assets/images/prado/menu1.jpg]
[www.fernandopuente.es/assets/images/prado/menu2.jpg]
[www.fernandopuente.es/assets/images/prado/noticia.jpg]
[www.fernandopuente.es/assets/images/prado/section1.jpg]
[www.fernandopuente.es/assets/images/prado/section2.jpg]
[www.fernandopuente.es/assets/images/prado/section.jpg]
[www.fernandopuente.es/assets/images/prado/mobile1.png]
[www.fernandopuente.es/assets/images/prado/mobile2.png]
[www.fernandopuente.es/assets/js/works.js]
[www.fernandopuente.es/work/prado.html]
[www.fernandopuente.es/assets/images/movistarp/home4.jpg]
[www.fernandopuente.es/assets/images/movistarp/home5.jpg]
[www.fernandopuente.es/assets/images/movistarp/trailer2.mp4]
[www.fernandopuente.es/assets/images/movistarp/home6.jpg]
[www.fernandopuente.es/assets/images/movistarp/home7.jpg]
[www.fernandopuente.es/assets/images/movistarp/home14b.jpg]
[www.fernandopuente.es/assets/images/movistarp/home15.jpg]
[www.fernandopuente.es/assets/images/movistarp/home16.jpg]
[www.fernandopuente.es/assets/images/movistarp/home9.jpg]
[www.fernandopuente.es/assets/images/movistarp/foto6.jpg]
[www.fernandopuente.es/assets/images/movistarp/home10.jpg]
[www.fernandopuente.es/images/screenshot.jpg]
[www.fernandopuente.es/assets/images/movistarp/game.mp4]
[www.fernandopuente.es/assets/images/movistarp/home11.jpg]
[www.fernandopuente.es/assets/images/movistarp/home13.jpg]
[www.fernandopuente.es/assets/images/movistarp/mobile1.png]
[www.fernandopuente.es/assets/images/movistarp/mobile2.png]
[www.fernandopuente.es/work/movistarp.html]
[www.fernandopuente.es/assets/images/mazda/home.jpg]
[www.fernandopuente.es/assets/images/mazda/home2.jpg]
[www.fernandopuente.es/assets/images/mazda/ficha.jpg]
[www.fernandopuente.es/assets/images/mazda/ficha2.jpg]
[www.fernandopuente.es/assets/images/mazda/video1.jpg]
[www.fernandopuente.es/assets/images/mazda/video2.jpg]
[www.fernandopuente.es/assets/images/mazda/video3.jpg]
[www.fernandopuente.es/assets/images/mazda/video.mp4]
[www.fernandopuente.es/assets/images/mazda/mobile1.png]
[www.fernandopuente.es/assets/images/mazda/mobile2.png]
[www.fernandopuente.es/work/mazda.html]
[www.fernandopuente.es/assets/images/cod/codhome.mp4]
[www.fernandopuente.es/assets/images/cod/home2.jpg]
[www.fernandopuente.es/assets/images/cod/ficha.jpg]
[www.fernandopuente.es/assets/images/cod/ficha2.jpg]
[www.fernandopuente.es/assets/images/cod/timeline.mp4]
[www.fernandopuente.es/assets/images/cod/video.jpg]
[www.fernandopuente.es/assets/images/cod/ficha3.jpg]
[www.fernandopuente.es/assets/images/cod/ficha4.jpg]
[www.fernandopuente.es/assets/images/cod/video.mp4]
[www.fernandopuente.es/assets/images/cod/mobile1.png]
[www.fernandopuente.es/assets/images/cod/mobile2.png]
[www.fernandopuente.es/work/cod.html]
[www.fernandopuente.es/assets/images/kia/home.jpg]
[www.fernandopuente.es/assets/images/kia/home2.jpg]
[www.fernandopuente.es/assets/images/kia/home3.jpg]
[www.fernandopuente.es/assets/images/kia/home4.jpg]
[www.fernandopuente.es/assets/images/kia/menu.jpg]
[www.fernandopuente.es/assets/images/kia/ficha.jpg]
[www.fernandopuente.es/assets/images/kia/kia.mp4]
[www.fernandopuente.es/assets/images/kia/video1.jpg]
[www.fernandopuente.es/assets/images/kia/video2.jpg]
[www.fernandopuente.es/assets/images/kia/video.mp4]
[www.fernandopuente.es/assets/images/kia/video3.jpg]
[www.fernandopuente.es/assets/images/kia/gallery/slide1.jpg]
[www.fernandopuente.es/assets/images/kia/gallery/slide2.jpg]
[www.fernandopuente.es/assets/images/kia/gallery/slide3.jpg]
[www.fernandopuente.es/assets/images/kia/gallery/slide4.jpg]
[www.fernandopuente.es/assets/images/kia/gallery/slide5.jpg]
[www.fernandopuente.es/assets/images/kia/gallery/slide6.jpg]
[www.fernandopuente.es/assets/images/kia/gallery/slide7.jpg]
[www.fernandopuente.es/assets/images/kia/mobile1.png]
[www.fernandopuente.es/assets/images/kia/mobile2.png]
[www.fernandopuente.es/assets/js/anime.min.js]
[www.fernandopuente.es/assets/js/slider.js]
[www.fernandopuente.es/work/kia.html]
[www.fernandopuente.es/assets/images/acciona/home.jpg]
[www.fernandopuente.es/assets/images/acciona/home2.jpg]
[www.fernandopuente.es/assets/images/acciona/section.jpg]
[www.fernandopuente.es/assets/images/acciona/ficha.jpg]
[www.fernandopuente.es/assets/images/acciona/ficha2.jpg]
[www.fernandopuente.es/assets/images/acciona/animation1.jpg]
[www.fernandopuente.es/assets/images/acciona/animation2.jpg]
[www.fernandopuente.es/work/assets/images/acciona/video.jpg]
[www.fernandopuente.es/assets/images/acciona/acciona.mp4]
[www.fernandopuente.es/assets/images/acciona/video.jpg]
[www.fernandopuente.es/assets/images/acciona/mobile1.png]
[www.fernandopuente.es/assets/images/acciona/mobile2.png]
[www.fernandopuente.es/work/acciona.html]
[www.fernandopuente.es/assets/images/movistar/home4.jpg]
[www.fernandopuente.es/assets/images/movistar/video1.jpg]
[www.fernandopuente.es/assets/images/movistar/video2.jpg]
[www.fernandopuente.es/assets/images/movistar/ficha3.jpg]
[www.fernandopuente.es/assets/images/movistar/ficha.jpg]
[www.fernandopuente.es/assets/images/movistar/foto6.jpg]
[www.fernandopuente.es/assets/images/movistar/mobile1.png]
[www.fernandopuente.es/assets/images/movistar/mobile2.png]
[www.fernandopuente.es/work/movistar.html]
[p.typekit.net/p046e.css]
[www.fernandopuente.es/assets/fonts/BemboStd-SemiboldItalic.html]
[www.fernandopuente.es/assets/fonts/BemboStd-SemiboldItalicd41d.html]
[www.fernandopuente.es/assets/fonts/BemboStd-SemiboldItalic-2.html]
[www.fernandopuente.es/assets/fonts/BemboStd-SemiboldItalic-3.html]
[www.fernandopuente.es/photography/apple-touch-icon.html]
[www.fernandopuente.es/photography/index-2.html]
[www.fernandopuente.es/photography/photography/index.html]
[www.fernandopuente.es/assets/images/photography/commercial/quiron1.jpg]
[www.fernandopuente.es/assets/images/photography/commercial/quiron2.jpg]
[www.fernandopuente.es/assets/images/photography/commercial/quiron3.jpg]
[www.fernandopuente.es/assets/images/photography/commercial/quiron4.jpg]
[www.fernandopuente.es/assets/images/photography/commercial/amparito1.jpg]
[www.fernandopuente.es/assets/images/photography/commercial/amparito2.jpg]
[www.fernandopuente.es/assets/images/photography/commercial/lendoiro1.jpg]
[www.fernandopuente.es/assets/images/photography/commercial/lendoiro2.jpg]
[www.fernandopuente.es/assets/images/photography/commercial/lendoiro3.jpg]
[www.fernandopuente.es/assets/images/photography/commercial/kia1.jpg]
[www.fernandopuente.es/assets/images/photography/commercial/kia2.jpg]
[www.fernandopuente.es/assets/images/photography/commercial/kia3.jpg]
[www.fernandopuente.es/assets/images/photography/commercial/adalab1.jpg]
[www.fernandopuente.es/assets/images/photography/commercial/adalab2.jpg]
[www.fernandopuente.es/assets/images/photography/commercial/adalab3.jpg]
[www.fernandopuente.es/assets/images/photography/commercial/adalab4.jpg]
[www.fernandopuente.es/assets/images/photography/commercial/globo.jpg]
[www.fernandopuente.es/photography/commercial.html]
[www.fernandopuente.es/assets/images/photography/personal/personal5.jpg]
[www.fernandopuente.es/assets/images/photography/personal/personal2.jpg]
[www.fernandopuente.es/assets/images/photography/personal/personal3.jpg]
[www.fernandopuente.es/assets/images/photography/personal/personal4.jpg]
[www.fernandopuente.es/assets/images/photography/personal/analogg2.jpg]
[www.fernandopuente.es/assets/images/photography/personal/personal32.jpg]
[www.fernandopuente.es/assets/images/photography/personal/personal8b.jpg]
[www.fernandopuente.es/assets/images/photography/personal/personal9.jpg]
[www.fernandopuente.es/assets/images/photography/personal/personal10.jpg]
[www.fernandopuente.es/assets/images/photography/personal/personal11.jpg]
[www.fernandopuente.es/assets/images/photography/personal/personal12.jpg]
[www.fernandopuente.es/assets/images/photography/personal/personal13.jpg]
[www.fernandopuente.es/assets/images/photography/personal/personal22.jpg]
[www.fernandopuente.es/assets/images/photography/personal/personal7.jpg]
[www.fernandopuente.es/assets/images/photography/personal/personal6.jpg]
[www.fernandopuente.es/assets/images/photography/personal/personal28.jpg]
[www.fernandopuente.es/assets/images/photography/personal/personal20.jpg]
[www.fernandopuente.es/assets/images/photography/personal/personal21.jpg]
[www.fernandopuente.es/assets/images/photography/personal/personal18.jpg]
[www.fernandopuente.es/assets/images/photography/personal/personal19.jpg]
[www.fernandopuente.es/assets/images/photography/personal/personal26.jpg]
[www.fernandopuente.es/assets/images/photography/personal/personal23.jpg]
[www.fernandopuente.es/photography/personal.html]
[www.fernandopuente.es/assets/images/photography/journal/journal1.jpg]
[www.fernandopuente.es/assets/images/photography/journal/journal2.jpg]
[www.fernandopuente.es/assets/images/photography/journal/journal3.jpg]
[www.fernandopuente.es/assets/images/photography/journal/journal4.jpg]
[www.fernandopuente.es/assets/images/photography/journal/journal5.jpg]
[www.fernandopuente.es/assets/images/photography/journal/journal6.jpg]
[www.fernandopuente.es/assets/images/photography/journal/journal7.jpg]
[www.fernandopuente.es/photography/journal.html]
[www.fernandopuente.es/work/apple-touch-icon.html]
[www.fernandopuente.es/assets/images/logos/museodelprado.svg]
[www.fernandopuente.es/assets/images/logos/elmundo.svg]
[www.fernandopuente.es/assets/images/logos/movistar.svg]
[www.fernandopuente.es/images/screenshot.html]
[www.fernandopuente.es/assets/images/logos/mazda.svg]
[www.fernandopuente.es/assets/images/logos/marca.svg]
[www.fernandopuente.es/assets/images/mazda/video.html]
[www.fernandopuente.es/assets/images/cod/codhome.html]
[www.fernandopuente.es/assets/images/logos/cod.svg]
[www.fernandopuente.es/assets/images/logos/kia.svg]
[www.fernandopuente.es/assets/images/logos/expansion.svg]
[www.fernandopuente.es/assets/images/kia/kia.html]
[www.fernandopuente.es/assets/images/kia/video.html]
[www.fernandopuente.es/assets/images/logos/acciona.svg]
[www.fernandopuente.es/work/assets/images/acciona/video.html]
[www.fernandopuente.es/assets/images/acciona/acciona.html]
[www.fernandopuente.es/assets/images/arrow-up-right.svg]
